<?xml version="1.0" encoding="utf-8"?><testsuites name="pytest tests"><testsuite name="pytest" errors="0" failures="0" skipped="0" tests="10" time="14.947" timestamp="2026-04-14T03:27:30.046950+00:00" hostname="agent-env-c1508886-b98e-4b24-a796-0cb359a53530"><testcase classname="backend.tests.test_reservations" name="test_stats" time="0.959" /><testcase classname="backend.tests.test_reservations" name="test_list_reservations" time="0.733" /><testcase classname="backend.tests.test_reservations" name="test_create_reservation" time="1.835" /><testcase classname="backend.tests.test_reservations" name="test_get_reservation" time="2.091" /><testcase classname="backend.tests.test_reservations" name="test_update_reservation" time="2.762" /><testcase classname="backend.tests.test_reservations" name="test_delete_reservation" time="2.037" /><testcase classname="backend.tests.test_reservations" name="test_calendar" time="0.711" /><testcase classname="backend.tests.test_reservations" name="test_upload_receipt" time="2.317" /><testcase classname="backend.tests.test_reservations" name="test_invalid_id" time="0.705" /><testcase classname="backend.tests.test_reservations" name="test_not_found" time="0.719" /></testsuite></testsuites>